{
  "RSpec": {
    "coverage": {
      "/Users/cassieachzenick/turing/mod2/projects/Adopt-Dont-Shop-Part-2/config/environment.rb": {
        "lines": [
          null,
          1,
          null,
          null,
          1
        ]
      },
      "/Users/cassieachzenick/turing/mod2/projects/Adopt-Dont-Shop-Part-2/config/application.rb": {
        "lines": [
          1,
          null,
          1,
          null,
          1,
          1,
          1,
          1,
          1,
          1,
          1,
          1,
          null,
          null,
          null,
          null,
          1,
          null,
          1,
          1,
          null,
          1,
          null,
          null,
          null,
          null,
          null,
          null,
          1,
          null,
          null
        ]
      },
      "/Users/cassieachzenick/turing/mod2/projects/Adopt-Dont-Shop-Part-2/config/boot.rb": {
        "lines": [
          1,
          null,
          1
        ]
      },
      "/Users/cassieachzenick/turing/mod2/projects/Adopt-Dont-Shop-Part-2/config/environments/test.rb": {
        "lines": [
          1,
          null,
          null,
          null,
          null,
          null,
          null,
          1,
          null,
          null,
          null,
          null,
          1,
          null,
          null,
          1,
          1,
          null,
          null,
          null,
          null,
          1,
          1,
          null,
          null,
          1,
          null,
          null,
          1,
          1,
          null,
          null,
          null,
          null,
          1,
          null,
          null,
          1,
          null,
          null,
          null,
          null
        ]
      },
      "/Users/cassieachzenick/turing/mod2/projects/Adopt-Dont-Shop-Part-2/config/initializers/application_controller_renderer.rb": {
        "lines": [
          null,
          null,
          null,
          null,
          null,
          null,
          null,
          null
        ]
      },
      "/Users/cassieachzenick/turing/mod2/projects/Adopt-Dont-Shop-Part-2/config/initializers/assets.rb": {
        "lines": [
          null,
          null,
          null,
          1,
          null,
          null,
          null,
          null,
          1,
          null,
          null,
          null,
          null,
          null
        ]
      },
      "/Users/cassieachzenick/turing/mod2/projects/Adopt-Dont-Shop-Part-2/config/initializers/backtrace_silencers.rb": {
        "lines": [
          null,
          null,
          null,
          null,
          null,
          null,
          null
        ]
      },
      "/Users/cassieachzenick/turing/mod2/projects/Adopt-Dont-Shop-Part-2/config/initializers/cookies_serializer.rb": {
        "lines": [
          null,
          null,
          null,
          null,
          1
        ]
      },
      "/Users/cassieachzenick/turing/mod2/projects/Adopt-Dont-Shop-Part-2/config/initializers/filter_parameter_logging.rb": {
        "lines": [
          null,
          null,
          null,
          1
        ]
      },
      "/Users/cassieachzenick/turing/mod2/projects/Adopt-Dont-Shop-Part-2/config/initializers/inflections.rb": {
        "lines": [
          null,
          null,
          null,
          null,
          null,
          null,
          null,
          null,
          null,
          null,
          null,
          null,
          null,
          null,
          null,
          null
        ]
      },
      "/Users/cassieachzenick/turing/mod2/projects/Adopt-Dont-Shop-Part-2/config/initializers/mime_types.rb": {
        "lines": [
          null,
          null,
          null,
          null
        ]
      },
      "/Users/cassieachzenick/turing/mod2/projects/Adopt-Dont-Shop-Part-2/config/initializers/wrap_parameters.rb": {
        "lines": [
          null,
          null,
          null,
          null,
          null,
          null,
          1,
          2,
          null,
          null,
          null,
          null,
          null,
          null
        ]
      },
      "/Users/cassieachzenick/turing/mod2/projects/Adopt-Dont-Shop-Part-2/config/routes.rb": {
        "lines": [
          1,
          null,
          1,
          1,
          1,
          1,
          1,
          1,
          1,
          1,
          null,
          1,
          1,
          1,
          1,
          1,
          1,
          1,
          1,
          null,
          1,
          null,
          1,
          1,
          1,
          1,
          1,
          null,
          1,
          1,
          1,
          null
        ]
      },
      "/Users/cassieachzenick/turing/mod2/projects/Adopt-Dont-Shop-Part-2/app/helpers/application_helper.rb": {
        "lines": [
          1,
          null
        ]
      },
      "/Users/cassieachzenick/turing/mod2/projects/Adopt-Dont-Shop-Part-2/spec/features/applications/visitor_can_list_pets_with_application_spec.rb": {
        "lines": [
          1,
          null,
          1,
          1,
          1,
          null,
          1,
          1,
          1,
          null,
          1,
          null,
          1,
          null,
          1,
          null,
          1,
          null,
          1,
          null,
          1,
          null,
          1,
          null,
          1,
          null,
          1,
          null,
          1,
          1,
          null,
          1,
          1,
          null,
          null,
          1,
          1,
          1,
          1,
          1,
          1,
          1,
          null,
          1,
          null,
          1,
          null,
          1,
          null,
          1,
          1,
          null,
          1,
          1,
          1,
          null,
          null,
          1,
          null,
          null
        ]
      },
      "/Users/cassieachzenick/turing/mod2/projects/Adopt-Dont-Shop-Part-2/spec/features/favorites/visitor_can_favorite_pets_spec.rb": {
        "lines": [
          1,
          null,
          1,
          1,
          null,
          1,
          null,
          1,
          null,
          1,
          null,
          1,
          null,
          null,
          1,
          1,
          1,
          null,
          1,
          null,
          1,
          null,
          1,
          null,
          1,
          null,
          1,
          null,
          1,
          1,
          null,
          null,
          1,
          1,
          1,
          1,
          1,
          1,
          1,
          1,
          1,
          1,
          1,
          null,
          null
        ]
      },
      "/Users/cassieachzenick/turing/mod2/projects/Adopt-Dont-Shop-Part-2/spec/features/pets/visitor_can_add_a_pet_to_a_shelter_spec.rb": {
        "lines": [
          1,
          null,
          1,
          1,
          1,
          1,
          null,
          1,
          null,
          1,
          null,
          1,
          null,
          1,
          null,
          1,
          null,
          1,
          1,
          1,
          1,
          1,
          null,
          1,
          null,
          1,
          null,
          1,
          null,
          1,
          1,
          1,
          1,
          null,
          null
        ]
      },
      "/Users/cassieachzenick/turing/mod2/projects/Adopt-Dont-Shop-Part-2/spec/features/pets/visitor_can_click_on_a_pets_name_anywhere_on_the_site_and_be_brought_to_show_page_spec.rb": {
        "lines": [
          1,
          null,
          1,
          1,
          1,
          null,
          1,
          null,
          1,
          null,
          1,
          null,
          1,
          null,
          1,
          null,
          null,
          1,
          1,
          null,
          1,
          null,
          1,
          null,
          1,
          null,
          1,
          null,
          1,
          null,
          null
        ]
      },
      "/Users/cassieachzenick/turing/mod2/projects/Adopt-Dont-Shop-Part-2/spec/features/pets/visitor_can_delete_pet_from_index_or_shelter_pets_index_page_spec.rb": {
        "lines": [
          1,
          null,
          1,
          1,
          1,
          1,
          null,
          1,
          1,
          1,
          null,
          1,
          null,
          1,
          null,
          1,
          null,
          1,
          null,
          1,
          1,
          1,
          1,
          null,
          null,
          1,
          1,
          1,
          null,
          1,
          1,
          1,
          null,
          1,
          null,
          1,
          null,
          1,
          null,
          1,
          null,
          1,
          1,
          1,
          1,
          null,
          null
        ]
      },
      "/Users/cassieachzenick/turing/mod2/projects/Adopt-Dont-Shop-Part-2/spec/features/pets/visitor_can_delete_pets_spec.rb": {
        "lines": [
          1,
          null,
          1,
          1,
          1,
          1,
          null,
          1,
          1,
          null,
          1,
          null,
          1,
          null,
          1,
          null,
          1,
          null,
          1,
          1,
          1,
          1,
          1,
          1,
          1,
          1,
          null,
          null,
          null
        ]
      },
      "/Users/cassieachzenick/turing/mod2/projects/Adopt-Dont-Shop-Part-2/spec/features/pets/visitor_can_edit_pet_info_from_pets_index_or_shelter_pets_index_page_spec.rb": {
        "lines": [
          1,
          null,
          1,
          1,
          1,
          1,
          null,
          1,
          1,
          1,
          null,
          1,
          null,
          1,
          null,
          1,
          null,
          1,
          null,
          1,
          1,
          1,
          1,
          1,
          null,
          1,
          null,
          1,
          null,
          1,
          null,
          1,
          1,
          1,
          1,
          null,
          null,
          1,
          1,
          1,
          null,
          1,
          1,
          1,
          null,
          1,
          null,
          1,
          null,
          1,
          null,
          1,
          null,
          1,
          1,
          1,
          1,
          1,
          null,
          1,
          null,
          1,
          null,
          1,
          null,
          1,
          1,
          1,
          1,
          null,
          null
        ]
      },
      "/Users/cassieachzenick/turing/mod2/projects/Adopt-Dont-Shop-Part-2/spec/features/pets/visitor_can_return_to_pets_index_page_from_any_page_on_website_spec.rb": {
        "lines": [
          1,
          null,
          1,
          1,
          1,
          null,
          1,
          null,
          1,
          null,
          1,
          null,
          1,
          null,
          1,
          null,
          null,
          1,
          1,
          null,
          1,
          null,
          1,
          null,
          1,
          null,
          1,
          null,
          1,
          null,
          null,
          1,
          1,
          null,
          1,
          null,
          1,
          null,
          1,
          null,
          1,
          null,
          1,
          null,
          null,
          1,
          1,
          null,
          1,
          null,
          1,
          null,
          1,
          null,
          1,
          null,
          1,
          null,
          null,
          1,
          1,
          null,
          1,
          null,
          1,
          null,
          1,
          null,
          1,
          null,
          1,
          null,
          null,
          1,
          1,
          null,
          1,
          null,
          1,
          null,
          1,
          null,
          1,
          null,
          1,
          null,
          null,
          1,
          1,
          null,
          1,
          null,
          1,
          null,
          1,
          null,
          1,
          null,
          1,
          null,
          null,
          1,
          1,
          null,
          1,
          null,
          1,
          null,
          1,
          null,
          1,
          null,
          1,
          null,
          null,
          1,
          1,
          null,
          1,
          null,
          1,
          null,
          1,
          null,
          1,
          null,
          1,
          null,
          null
        ]
      },
      "/Users/cassieachzenick/turing/mod2/projects/Adopt-Dont-Shop-Part-2/spec/features/pets/visitor_can_see_all_pets_spec.rb": {
        "lines": [
          1,
          null,
          1,
          1,
          1,
          1,
          null,
          1,
          1,
          null,
          1,
          null,
          1,
          null,
          1,
          1,
          1,
          null,
          1,
          null,
          1,
          1,
          1,
          null,
          null
        ]
      },
      "/Users/cassieachzenick/turing/mod2/projects/Adopt-Dont-Shop-Part-2/spec/features/pets/visitor_can_see_pet_details_by_id_spec.rb": {
        "lines": [
          1,
          null,
          1,
          1,
          1,
          1,
          null,
          1,
          1,
          null,
          1,
          null,
          1,
          null,
          1,
          1,
          1,
          1,
          null,
          1,
          null,
          1,
          null,
          1,
          1,
          1,
          1,
          null,
          null
        ]
      },
      "/Users/cassieachzenick/turing/mod2/projects/Adopt-Dont-Shop-Part-2/spec/features/pets/visitor_can_update_pets_spec.rb": {
        "lines": [
          1,
          null,
          1,
          1,
          null,
          1,
          null,
          1,
          null,
          1,
          null,
          1,
          null,
          1,
          null,
          1,
          null,
          1,
          1,
          1,
          1,
          1,
          null,
          1,
          null,
          1,
          null,
          1,
          null,
          1,
          1,
          1,
          1,
          null,
          null
        ]
      },
      "/Users/cassieachzenick/turing/mod2/projects/Adopt-Dont-Shop-Part-2/spec/features/pets/visitor_can_view_pets_in_shelter_spec.rb": {
        "lines": [
          1,
          null,
          1,
          1,
          1,
          1,
          null,
          1,
          1,
          1,
          null,
          1,
          null,
          1,
          null,
          1,
          1,
          1,
          null,
          1,
          null,
          1,
          1,
          1,
          null,
          1,
          null,
          1,
          null,
          1,
          1,
          1,
          null,
          null
        ]
      },
      "/Users/cassieachzenick/turing/mod2/projects/Adopt-Dont-Shop-Part-2/spec/features/pets/visitor_sees_total_pets_count_on_shelter_pets_index_page_spec.rb": {
        "lines": [
          1,
          null,
          1,
          1,
          1,
          null,
          1,
          1,
          1,
          null,
          1,
          null,
          1,
          null,
          null
        ]
      },
      "/Users/cassieachzenick/turing/mod2/projects/Adopt-Dont-Shop-Part-2/spec/features/reviews/visitor_can_add_a_review_spec.rb": {
        "lines": [
          1,
          null,
          1,
          1,
          1,
          null,
          1,
          1,
          null,
          1,
          null,
          1,
          null,
          1,
          null,
          1,
          null,
          1,
          1,
          1,
          1,
          null,
          1,
          null,
          1,
          null,
          1,
          null,
          1,
          1,
          1,
          null,
          null,
          1,
          1,
          null,
          1,
          1,
          null,
          1,
          null,
          1,
          1,
          null,
          1,
          null,
          1,
          1,
          null,
          null
        ]
      },
      "/Users/cassieachzenick/turing/mod2/projects/Adopt-Dont-Shop-Part-2/spec/features/reviews/visitor_can_delete_a_review_spec.rb": {
        "lines": [
          1,
          null,
          1,
          1,
          1,
          null,
          1,
          1,
          null,
          1,
          null,
          1,
          null,
          1,
          1,
          1,
          1,
          1,
          null,
          null,
          1,
          null,
          1,
          1,
          null,
          null,
          1,
          1,
          1,
          1,
          null,
          null,
          null
        ]
      },
      "/Users/cassieachzenick/turing/mod2/projects/Adopt-Dont-Shop-Part-2/spec/features/reviews/visitor_can_edit_reviews_spec.rb": {
        "lines": [
          1,
          null,
          1,
          1,
          1,
          1,
          1,
          1,
          1,
          1,
          1,
          null,
          1,
          null,
          1,
          1,
          1,
          1,
          1,
          1,
          1,
          1,
          null,
          null,
          1,
          1,
          1,
          1,
          null,
          null,
          null,
          1,
          1,
          1,
          1,
          1,
          1,
          1,
          1,
          1,
          1,
          1,
          1,
          1,
          null,
          null,
          null,
          null
        ]
      },
      "/Users/cassieachzenick/turing/mod2/projects/Adopt-Dont-Shop-Part-2/spec/features/reviews/visitor_can_see_list_of_all_reviews_for_a_shelter_spec.rb": {
        "lines": [
          1,
          null,
          1,
          1,
          1,
          null,
          1,
          1,
          null,
          1,
          null,
          1,
          1,
          1,
          1,
          1,
          1,
          null,
          null
        ]
      },
      "/Users/cassieachzenick/turing/mod2/projects/Adopt-Dont-Shop-Part-2/spec/features/shelters/visitor_can_add_a_new_shelter_spec.rb": {
        "lines": [
          1,
          null,
          1,
          1,
          null,
          1,
          null,
          1,
          null,
          1,
          null,
          1,
          null,
          1,
          1,
          1,
          1,
          1,
          null,
          1,
          null,
          1,
          null,
          1,
          null,
          1,
          null,
          null
        ]
      },
      "/Users/cassieachzenick/turing/mod2/projects/Adopt-Dont-Shop-Part-2/spec/features/shelters/visitor_can_always_go_back_to_shelter_index_page_from_anywhere_on_the_website_spec.rb": {
        "lines": [
          1,
          null,
          1,
          1,
          1,
          null,
          1,
          null,
          1,
          null,
          1,
          null,
          1,
          null,
          1,
          null,
          null,
          1,
          1,
          null,
          1,
          null,
          1,
          null,
          1,
          null,
          1,
          null,
          1,
          null,
          null,
          1,
          1,
          null,
          1,
          null,
          1,
          null,
          1,
          null,
          1,
          null,
          1,
          null,
          null,
          1,
          1,
          null,
          1,
          null,
          1,
          null,
          1,
          null,
          1,
          null,
          1,
          null,
          null,
          1,
          1,
          null,
          1,
          null,
          1,
          null,
          1,
          null,
          1,
          null,
          1,
          null,
          null,
          1,
          1,
          null,
          1,
          null,
          1,
          null,
          1,
          null,
          1,
          null,
          1,
          null,
          null,
          1,
          1,
          null,
          1,
          null,
          1,
          null,
          1,
          null,
          1,
          null,
          1,
          null,
          null,
          1,
          1,
          null,
          1,
          null,
          1,
          null,
          1,
          null,
          1,
          null,
          1,
          null,
          null,
          1,
          1,
          null,
          1,
          null,
          1,
          null,
          1,
          null,
          1,
          null,
          1,
          null,
          null
        ]
      },
      "/Users/cassieachzenick/turing/mod2/projects/Adopt-Dont-Shop-Part-2/spec/features/shelters/visitor_can_click_on_any_shelters_name_at_any_time_to_go_to_shelter_show_page_spec.rb": {
        "lines": [
          1,
          null,
          1,
          1,
          1,
          null,
          1,
          null,
          1,
          null,
          1,
          null,
          1,
          null,
          1,
          null,
          null,
          1,
          1,
          null,
          1,
          null,
          1,
          null,
          1,
          null,
          1,
          null,
          1,
          null,
          null,
          1,
          1,
          null,
          1,
          null,
          1,
          null,
          1,
          null,
          1,
          null,
          1,
          null,
          null,
          1,
          1,
          null,
          1,
          null,
          1,
          null,
          1,
          null,
          1,
          null,
          1,
          null,
          null
        ]
      },
      "/Users/cassieachzenick/turing/mod2/projects/Adopt-Dont-Shop-Part-2/spec/features/shelters/visitor_can_delete_a_shelter_spec.rb": {
        "lines": [
          1,
          null,
          1,
          1,
          1,
          null,
          1,
          null,
          1,
          null,
          1,
          null,
          1,
          null,
          1,
          null,
          null
        ]
      },
      "/Users/cassieachzenick/turing/mod2/projects/Adopt-Dont-Shop-Part-2/spec/features/shelters/visitor_can_delete_shelter_from_index_page_spec.rb": {
        "lines": [
          1,
          null,
          1,
          1,
          1,
          1,
          null,
          1,
          null,
          1,
          null,
          1,
          null,
          1,
          null,
          1,
          1,
          null,
          null
        ]
      },
      "/Users/cassieachzenick/turing/mod2/projects/Adopt-Dont-Shop-Part-2/spec/features/shelters/visitor_can_go_to_shelters_pet_page_from_shelters_show_page_spec.rb": {
        "lines": [
          1,
          null,
          1,
          1,
          1,
          null,
          1,
          null,
          1,
          null,
          1,
          null,
          1,
          null,
          1,
          null,
          1,
          null,
          null
        ]
      },
      "/Users/cassieachzenick/turing/mod2/projects/Adopt-Dont-Shop-Part-2/spec/features/shelters/visitor_can_update_shelter_info_from_shelter_index_page_spec.rb": {
        "lines": [
          1,
          null,
          1,
          1,
          1,
          1,
          null,
          1,
          null,
          1,
          null,
          1,
          null,
          1,
          null,
          1,
          1,
          1,
          1,
          1,
          null,
          1,
          null,
          1,
          null,
          1,
          null,
          1,
          1,
          1,
          1,
          1,
          null,
          null
        ]
      },
      "/Users/cassieachzenick/turing/mod2/projects/Adopt-Dont-Shop-Part-2/spec/features/shelters/visitor_can_update_shelter_information_spec.rb": {
        "lines": [
          1,
          null,
          1,
          1,
          1,
          null,
          1,
          null,
          1,
          null,
          1,
          null,
          1,
          null,
          1,
          1,
          1,
          1,
          1,
          null,
          1,
          null,
          1,
          null,
          1,
          null,
          1,
          1,
          1,
          1,
          1,
          null,
          null
        ]
      },
      "/Users/cassieachzenick/turing/mod2/projects/Adopt-Dont-Shop-Part-2/spec/features/shelters/visitor_sees_list_of_shelters_spec.rb": {
        "lines": [
          1,
          null,
          1,
          1,
          1,
          1,
          1,
          null,
          1,
          null,
          1,
          1,
          1,
          null,
          null
        ]
      },
      "/Users/cassieachzenick/turing/mod2/projects/Adopt-Dont-Shop-Part-2/spec/features/shelters/visitor_sees_specific_information_for_specific_shleter_spec.rb": {
        "lines": [
          1,
          null,
          1,
          1,
          1,
          1,
          1,
          null,
          1,
          null,
          1,
          1,
          1,
          1,
          1,
          null,
          1,
          null,
          1,
          1,
          1,
          1,
          1,
          null,
          1,
          null,
          1,
          1,
          1,
          1,
          1,
          null,
          null
        ]
      },
      "/Users/cassieachzenick/turing/mod2/projects/Adopt-Dont-Shop-Part-2/spec/models/application_spec.rb": {
        "lines": [
          1,
          null,
          1,
          1,
          2,
          2,
          2,
          2,
          2,
          2,
          2,
          null,
          null,
          1,
          2,
          2,
          null,
          null
        ]
      },
      "/Users/cassieachzenick/turing/mod2/projects/Adopt-Dont-Shop-Part-2/app/models/application.rb": {
        "lines": [
          1,
          1,
          1,
          1,
          null
        ]
      },
      "/Users/cassieachzenick/turing/mod2/projects/Adopt-Dont-Shop-Part-2/app/models/application_record.rb": {
        "lines": [
          1,
          1,
          null
        ]
      },
      "/Users/cassieachzenick/turing/mod2/projects/Adopt-Dont-Shop-Part-2/spec/models/favorite_spec.rb": {
        "lines": [
          1,
          null,
          1,
          null,
          1,
          1,
          1,
          1,
          null,
          null,
          null,
          1,
          1,
          1,
          null,
          1,
          1,
          null,
          1,
          null,
          null,
          1,
          1,
          1,
          null,
          1,
          null,
          null,
          null,
          1,
          1,
          1,
          null,
          1,
          null,
          null,
          null,
          1,
          1,
          1,
          null,
          1,
          1,
          1,
          null,
          1,
          null,
          1,
          null,
          null,
          null
        ]
      },
      "/Users/cassieachzenick/turing/mod2/projects/Adopt-Dont-Shop-Part-2/app/models/favorite.rb": {
        "lines": [
          1,
          1,
          null,
          1,
          147,
          null,
          null,
          1,
          1,
          null,
          null,
          1,
          11,
          null,
          null,
          1,
          133,
          0,
          null,
          133,
          null,
          null,
          null,
          1,
          3,
          3,
          9,
          null,
          3,
          null,
          null,
          1,
          11,
          null,
          null
        ]
      },
      "/Users/cassieachzenick/turing/mod2/projects/Adopt-Dont-Shop-Part-2/spec/models/pet_application_spec.rb": {
        "lines": [
          1,
          null,
          1,
          null,
          1,
          2,
          2,
          null,
          null
        ]
      },
      "/Users/cassieachzenick/turing/mod2/projects/Adopt-Dont-Shop-Part-2/app/models/pet_application.rb": {
        "lines": [
          1,
          1,
          1,
          null
        ]
      },
      "/Users/cassieachzenick/turing/mod2/projects/Adopt-Dont-Shop-Part-2/spec/models/pet_spec.rb": {
        "lines": [
          1,
          null,
          1,
          1,
          2,
          2,
          2,
          2,
          2,
          null,
          null,
          1,
          2,
          null,
          null
        ]
      },
      "/Users/cassieachzenick/turing/mod2/projects/Adopt-Dont-Shop-Part-2/app/models/pet.rb": {
        "lines": [
          1,
          1,
          1,
          1,
          1,
          null
        ]
      },
      "/Users/cassieachzenick/turing/mod2/projects/Adopt-Dont-Shop-Part-2/spec/models/shelter_spec.rb": {
        "lines": [
          1,
          null,
          1,
          1,
          2,
          null,
          null,
          1,
          2,
          null,
          null
        ]
      },
      "/Users/cassieachzenick/turing/mod2/projects/Adopt-Dont-Shop-Part-2/app/models/shelter.rb": {
        "lines": [
          1,
          1,
          1,
          1,
          null
        ]
      },
      "/Users/cassieachzenick/turing/mod2/projects/Adopt-Dont-Shop-Part-2/app/controllers/pets_controller.rb": {
        "lines": [
          1,
          null,
          1,
          20,
          null,
          null,
          null,
          1,
          12,
          null,
          null,
          1,
          30,
          null,
          null,
          1,
          3,
          null,
          null,
          1,
          1,
          1,
          1,
          null,
          null,
          1,
          5,
          null,
          null,
          1,
          3,
          3,
          3,
          null,
          null,
          1,
          3,
          3,
          null,
          null,
          1,
          1,
          4,
          null,
          null
        ]
      },
      "/Users/cassieachzenick/turing/mod2/projects/Adopt-Dont-Shop-Part-2/app/controllers/application_controller.rb": {
        "lines": [
          1,
          1,
          1,
          null,
          1,
          159,
          null,
          null,
          null
        ]
      },
      "/Users/cassieachzenick/turing/mod2/projects/Adopt-Dont-Shop-Part-2/app/controllers/favorite_controller.rb": {
        "lines": [
          1,
          1,
          1,
          8,
          8,
          8,
          8,
          8,
          8,
          null,
          null,
          1,
          5,
          null,
          null
        ]
      },
      "/Users/cassieachzenick/turing/mod2/projects/Adopt-Dont-Shop-Part-2/app/controllers/applications_controller.rb": {
        "lines": [
          1,
          1,
          2,
          null,
          null,
          1,
          2,
          null,
          2,
          2,
          2,
          4,
          4,
          4,
          null,
          null,
          2,
          null,
          0,
          0,
          null,
          null,
          null,
          1,
          1,
          2,
          null,
          null
        ]
      },
      "/Users/cassieachzenick/turing/mod2/projects/Adopt-Dont-Shop-Part-2/app/controllers/shelters_controller.rb": {
        "lines": [
          1,
          1,
          20,
          null,
          null,
          1,
          22,
          null,
          null,
          1,
          3,
          null,
          null,
          1,
          1,
          1,
          null,
          null,
          1,
          4,
          null,
          null,
          1,
          2,
          2,
          2,
          null,
          null,
          1,
          2,
          2,
          null,
          null,
          1,
          1,
          3,
          null,
          null
        ]
      },
      "/Users/cassieachzenick/turing/mod2/projects/Adopt-Dont-Shop-Part-2/app/models/review.rb": {
        "lines": [
          1,
          1,
          1,
          null
        ]
      },
      "/Users/cassieachzenick/turing/mod2/projects/Adopt-Dont-Shop-Part-2/app/controllers/reviews_controller.rb": {
        "lines": [
          1,
          null,
          1,
          0,
          null,
          null,
          1,
          0,
          null,
          null,
          1,
          2,
          null,
          null,
          1,
          2,
          2,
          1,
          null,
          1,
          1,
          null,
          null,
          null,
          1,
          2,
          null,
          null,
          1,
          2,
          2,
          2,
          1,
          null,
          1,
          1,
          null,
          null,
          null,
          1,
          1,
          1,
          1,
          null,
          null,
          1,
          null,
          1,
          4,
          null,
          null
        ]
      }
    },
    "timestamp": 1581282895
  }
}
