{
  "RSpec": {
    "coverage": {
      "/Users/cassieachzenick/turing/mod2/projects/Adopt-Dont-Shop-Part-2/config/environment.rb": {
        "lines": [
          null,
          1,
          null,
          null,
          1
        ]
      },
      "/Users/cassieachzenick/turing/mod2/projects/Adopt-Dont-Shop-Part-2/config/application.rb": {
        "lines": [
          1,
          null,
          1,
          null,
          1,
          1,
          1,
          1,
          1,
          1,
          1,
          1,
          null,
          null,
          null,
          null,
          1,
          null,
          1,
          1,
          null,
          1,
          null,
          null,
          null,
          null,
          null,
          null,
          1,
          null,
          null
        ]
      },
      "/Users/cassieachzenick/turing/mod2/projects/Adopt-Dont-Shop-Part-2/config/boot.rb": {
        "lines": [
          1,
          null,
          1
        ]
      },
      "/Users/cassieachzenick/turing/mod2/projects/Adopt-Dont-Shop-Part-2/config/environments/test.rb": {
        "lines": [
          1,
          null,
          null,
          null,
          null,
          null,
          null,
          1,
          null,
          null,
          null,
          null,
          1,
          null,
          null,
          1,
          1,
          null,
          null,
          null,
          null,
          1,
          1,
          null,
          null,
          1,
          null,
          null,
          1,
          1,
          null,
          null,
          null,
          null,
          1,
          null,
          null,
          1,
          null,
          null,
          null,
          null
        ]
      },
      "/Users/cassieachzenick/turing/mod2/projects/Adopt-Dont-Shop-Part-2/config/initializers/application_controller_renderer.rb": {
        "lines": [
          null,
          null,
          null,
          null,
          null,
          null,
          null,
          null
        ]
      },
      "/Users/cassieachzenick/turing/mod2/projects/Adopt-Dont-Shop-Part-2/config/initializers/assets.rb": {
        "lines": [
          null,
          null,
          null,
          1,
          null,
          null,
          null,
          null,
          1,
          null,
          null,
          null,
          null,
          null
        ]
      },
      "/Users/cassieachzenick/turing/mod2/projects/Adopt-Dont-Shop-Part-2/config/initializers/backtrace_silencers.rb": {
        "lines": [
          null,
          null,
          null,
          null,
          null,
          null,
          null
        ]
      },
      "/Users/cassieachzenick/turing/mod2/projects/Adopt-Dont-Shop-Part-2/config/initializers/cookies_serializer.rb": {
        "lines": [
          null,
          null,
          null,
          null,
          1
        ]
      },
      "/Users/cassieachzenick/turing/mod2/projects/Adopt-Dont-Shop-Part-2/config/initializers/filter_parameter_logging.rb": {
        "lines": [
          null,
          null,
          null,
          1
        ]
      },
      "/Users/cassieachzenick/turing/mod2/projects/Adopt-Dont-Shop-Part-2/config/initializers/inflections.rb": {
        "lines": [
          null,
          null,
          null,
          null,
          null,
          null,
          null,
          null,
          null,
          null,
          null,
          null,
          null,
          null,
          null,
          null
        ]
      },
      "/Users/cassieachzenick/turing/mod2/projects/Adopt-Dont-Shop-Part-2/config/initializers/mime_types.rb": {
        "lines": [
          null,
          null,
          null,
          null
        ]
      },
      "/Users/cassieachzenick/turing/mod2/projects/Adopt-Dont-Shop-Part-2/config/initializers/wrap_parameters.rb": {
        "lines": [
          null,
          null,
          null,
          null,
          null,
          null,
          1,
          2,
          null,
          null,
          null,
          null,
          null,
          null
        ]
      },
      "/Users/cassieachzenick/turing/mod2/projects/Adopt-Dont-Shop-Part-2/config/routes.rb": {
        "lines": [
          1,
          null,
          1,
          1,
          1,
          1,
          1,
          1,
          1,
          1,
          null,
          1,
          1,
          1,
          1,
          1,
          1,
          1,
          1,
          null,
          1,
          1,
          1,
          1,
          null,
          null,
          1,
          1,
          1,
          1,
          1,
          null,
          1,
          1,
          1,
          1,
          1,
          1,
          1,
          1,
          null
        ]
      },
      "/Users/cassieachzenick/turing/mod2/projects/Adopt-Dont-Shop-Part-2/app/helpers/application_helper.rb": {
        "lines": [
          1,
          null
        ]
      },
      "/Users/cassieachzenick/turing/mod2/projects/Adopt-Dont-Shop-Part-2/app/models/shelter.rb": {
        "lines": [
          1,
          1,
          1,
          1,
          null
        ]
      },
      "/Users/cassieachzenick/turing/mod2/projects/Adopt-Dont-Shop-Part-2/app/models/application_record.rb": {
        "lines": [
          1,
          1,
          null
        ]
      },
      "/Users/cassieachzenick/turing/mod2/projects/Adopt-Dont-Shop-Part-2/app/controllers/shelters_controller.rb": {
        "lines": [
          1,
          1,
          3,
          null,
          null,
          1,
          5,
          null,
          null,
          1,
          0,
          null,
          null,
          1,
          0,
          0,
          null,
          null,
          1,
          0,
          null,
          null,
          1,
          0,
          0,
          0,
          null,
          null,
          1,
          4,
          4,
          1,
          1,
          null,
          3,
          3,
          null,
          null,
          null,
          1,
          1,
          0,
          null,
          null,
          1,
          4,
          null,
          4,
          null,
          4,
          4,
          4,
          null,
          null,
          4,
          null,
          null
        ]
      },
      "/Users/cassieachzenick/turing/mod2/projects/Adopt-Dont-Shop-Part-2/app/controllers/application_controller.rb": {
        "lines": [
          1,
          1,
          1,
          null,
          1,
          9,
          null,
          null,
          null
        ]
      },
      "/Users/cassieachzenick/turing/mod2/projects/Adopt-Dont-Shop-Part-2/app/models/review.rb": {
        "lines": [
          1,
          1,
          1,
          null
        ]
      },
      "/Users/cassieachzenick/turing/mod2/projects/Adopt-Dont-Shop-Part-2/app/models/favorite.rb": {
        "lines": [
          1,
          1,
          null,
          1,
          9,
          null,
          null,
          1,
          0,
          null,
          null,
          1,
          0,
          null,
          null,
          1,
          9,
          0,
          null,
          9,
          null,
          null,
          null,
          1,
          0,
          0,
          0,
          null,
          null,
          null,
          1,
          0,
          0,
          0,
          null,
          0,
          null,
          null,
          1,
          0,
          null,
          null
        ]
      },
      "/Users/cassieachzenick/turing/mod2/projects/Adopt-Dont-Shop-Part-2/app/models/pet.rb": {
        "lines": [
          1,
          1,
          1,
          1,
          1,
          null,
          1,
          0,
          null,
          null,
          1,
          0,
          null,
          null,
          1,
          0,
          null,
          null
        ]
      },
      "/Users/cassieachzenick/turing/mod2/projects/Adopt-Dont-Shop-Part-2/app/models/application.rb": {
        "lines": [
          1,
          1,
          1,
          1,
          null
        ]
      },
      "/Users/cassieachzenick/turing/mod2/projects/Adopt-Dont-Shop-Part-2/app/models/pet_application.rb": {
        "lines": [
          1,
          1,
          1,
          null
        ]
      },
      "/Users/cassieachzenick/turing/mod2/projects/Adopt-Dont-Shop-Part-2/app/controllers/pets_controller.rb": {
        "lines": [
          1,
          null,
          1,
          1,
          null,
          null,
          1,
          0,
          null,
          null,
          1,
          0,
          null,
          null,
          1,
          0,
          null,
          null,
          1,
          0,
          0,
          0,
          null,
          null,
          1,
          0,
          null,
          null,
          1,
          0,
          0,
          0,
          null,
          null,
          1,
          0,
          0,
          null,
          null,
          1,
          1,
          0,
          null,
          null
        ]
      }
    },
    "timestamp": 1581465722
  }
}
